#
# There is insufficient memory for the Java Runtime Environment to continue.
# Native memory allocation (malloc) failed to allocate 32744 bytes. Error detail: Chunk::new
# Possible reasons:
#   The system is out of physical RAM or swap space
#   This process is running with CompressedOops enabled, and the Java Heap may be blocking the growth of the native heap
# Possible solutions:
#   Reduce memory load on the system
#   Increase physical memory or swap space
#   Check if swap backing store is full
#   Decrease Java heap size (-Xmx/-Xms)
#   Decrease number of Java threads
#   Decrease Java thread stack sizes (-Xss)
#   Set larger code cache with -XX:ReservedCodeCacheSize=
#   JVM is running with Unscaled Compressed Oops mode in which the Java heap is
#     placed in the first 4GB address space. The Java Heap base address is the
#     maximum limit for the native heap growth. Please use -XX:HeapBaseMinAddress
#     to set the Java Heap base and to place the Java Heap above 4GB virtual address.
# This output file may be truncated or incomplete.
#
#  Out of Memory Error (arena.cpp:168), pid=15028, tid=18028
#
# JRE version: OpenJDK Runtime Environment Temurin-21.0.8+9 (21.0.8+9) (build 21.0.8+9-LTS)
# Java VM: OpenJDK 64-Bit Server VM Temurin-21.0.8+9 (21.0.8+9-LTS, mixed mode, sharing, tiered, compressed oops, compressed class ptrs, parallel gc, windows-amd64)
# No core dump will be written. Minidumps are not enabled by default on client versions of Windows
#

---------------  S U M M A R Y ------------

Command Line: --add-modules=ALL-SYSTEM --add-opens=java.base/java.util=ALL-UNNAMED --add-opens=java.base/java.lang=ALL-UNNAMED --add-opens=java.base/sun.nio.fs=ALL-UNNAMED -Declipse.application=org.eclipse.jdt.ls.core.id1 -Dosgi.bundles.defaultStartLevel=4 -Declipse.product=org.eclipse.jdt.ls.core.product -Djava.import.generatesMetadataFilesAtProjectRoot=false -DDetectVMInstallationsJob.disabled=true -Dfile.encoding=utf8 -XX:+UseParallelGC -XX:GCTimeRatio=4 -XX:AdaptiveSizePolicyWeight=90 -Dsun.zip.disableMemoryMapping=true -Xmx2G -Xms100m -Xlog:disable -javaagent:c:\Users\user\.vscode\extensions\redhat.java-1.46.0-win32-x64\lombok\lombok-1.18.39-4050.jar c:\Users\user\.vscode\extensions\redhat.java-1.46.0-win32-x64\server\plugins\org.eclipse.equinox.launcher_1.7.0.v20250519-0528.jar -configuration c:\Users\user\AppData\Roaming\Code\User\globalStorage\redhat.java\1.46.0\config_ss_win -data c:\Users\user\AppData\Roaming\Code\User\workspaceStorage\2aaed60db281543242e4faffdcba5428\redhat.java\ss_ws --pipe=\\.\pipe\lsp-ce1903b497c69fd01bcf11b5abb93143-sock

Host: 12th Gen Intel(R) Core(TM) i7-1255U, 12 cores, 15G,  Windows 11 , 64 bit Build 26100 (10.0.26100.7019)
Time: Fri Oct 31 14:49:29 2025 South Africa Standard Time elapsed time: 8.724200 seconds (0d 0h 0m 8s)

---------------  T H R E A D  ---------------

Current thread (0x000002a0e66b73c0):  JavaThread "C2 CompilerThread0" daemon [_thread_in_native, id=18028, stack(0x000000b00c900000,0x000000b00ca00000) (1024K)]


Current CompileTask:
C2:8724 2296       4       lombok.patcher.PatchScript::classMatches (41 bytes)

Stack: [0x000000b00c900000,0x000000b00ca00000]
Native frames: (J=compiled Java code, j=interpreted, Vv=VM code, C=native code)
V  [jvm.dll+0x6d2449]
V  [jvm.dll+0x8ae341]
V  [jvm.dll+0x8b08be]
V  [jvm.dll+0x8b0fa3]
V  [jvm.dll+0x280c96]
V  [jvm.dll+0xc581d]
V  [jvm.dll+0xc5d53]
V  [jvm.dll+0x6ac41d]
V  [jvm.dll+0x6619ac]
V  [jvm.dll+0x65fd8e]
V  [jvm.dll+0x248d55]
V  [jvm.dll+0x2484af]
V  [jvm.dll+0x1c89ee]
V  [jvm.dll+0x257d4d]
V  [jvm.dll+0x2562ea]
V  [jvm.dll+0x3f2d16]
V  [jvm.dll+0x857e6b]
V  [jvm.dll+0x6d0b0d]
C  [ucrtbase.dll+0x37b0]
C  [KERNEL32.DLL+0x2e8d7]
C  [ntdll.dll+0x8c53c]


---------------  P R O C E S S  ---------------

Threads class SMR info:
_java_thread_list=0x000002a0ec2ce330, length=16, elements={
0x000002a0cc8ad190, 0x000002a0e523d4e0, 0x000002a0cc95dcb0, 0x000002a0e524d6a0,
0x000002a0e524e0f0, 0x000002a0e66a2b00, 0x000002a0e66a50f0, 0x000002a0e66b73c0,
0x000002a0e66b9c90, 0x000002a0e6793320, 0x000002a0e6a1b5f0, 0x000002a0ec094a10,
0x000002a0e7bd4a70, 0x000002a0ec042f70, 0x000002a0e7d90330, 0x000002a0ec132920
}

Java Threads: ( => current thread )
  0x000002a0cc8ad190 JavaThread "main"                              [_thread_blocked, id=29048, stack(0x000000b00bf00000,0x000000b00c000000) (1024K)]
  0x000002a0e523d4e0 JavaThread "Reference Handler"          daemon [_thread_blocked, id=2936, stack(0x000000b00c300000,0x000000b00c400000) (1024K)]
  0x000002a0cc95dcb0 JavaThread "Finalizer"                  daemon [_thread_blocked, id=15216, stack(0x000000b00c400000,0x000000b00c500000) (1024K)]
  0x000002a0e524d6a0 JavaThread "Signal Dispatcher"          daemon [_thread_blocked, id=24952, stack(0x000000b00c500000,0x000000b00c600000) (1024K)]
  0x000002a0e524e0f0 JavaThread "Attach Listener"            daemon [_thread_blocked, id=20768, stack(0x000000b00c600000,0x000000b00c700000) (1024K)]
  0x000002a0e66a2b00 JavaThread "Service Thread"             daemon [_thread_blocked, id=16524, stack(0x000000b00c700000,0x000000b00c800000) (1024K)]
  0x000002a0e66a50f0 JavaThread "Monitor Deflation Thread"   daemon [_thread_blocked, id=10776, stack(0x000000b00c800000,0x000000b00c900000) (1024K)]
=>0x000002a0e66b73c0 JavaThread "C2 CompilerThread0"         daemon [_thread_in_native, id=18028, stack(0x000000b00c900000,0x000000b00ca00000) (1024K)]
  0x000002a0e66b9c90 JavaThread "C1 CompilerThread0"         daemon [_thread_blocked, id=5788, stack(0x000000b00ca00000,0x000000b00cb00000) (1024K)]
  0x000002a0e6793320 JavaThread "Common-Cleaner"             daemon [_thread_blocked, id=24336, stack(0x000000b00cb00000,0x000000b00cc00000) (1024K)]
  0x000002a0e6a1b5f0 JavaThread "Notification Thread"        daemon [_thread_blocked, id=12172, stack(0x000000b00cd00000,0x000000b00ce00000) (1024K)]
  0x000002a0ec094a10 JavaThread "Active Thread: Equinox Container: 0d05a8a9-89c1-4043-a8b5-e898197bc69e"        [_thread_blocked, id=3676, stack(0x000000b00ce00000,0x000000b00cf00000) (1024K)]
  0x000002a0e7bd4a70 JavaThread "Framework Event Dispatcher: Equinox Container: 0d05a8a9-89c1-4043-a8b5-e898197bc69e" daemon [_thread_blocked, id=28472, stack(0x000000b00d500000,0x000000b00d600000) (1024K)]
  0x000002a0ec042f70 JavaThread "Start Level: Equinox Container: 0d05a8a9-89c1-4043-a8b5-e898197bc69e" daemon [_thread_in_native, id=7712, stack(0x000000b00d600000,0x000000b00d700000) (1024K)]
  0x000002a0e7d90330 JavaThread "SCR Component Actor"        daemon [_thread_blocked, id=10256, stack(0x000000b00cc00000,0x000000b00cd00000) (1024K)]
  0x000002a0ec132920 JavaThread "Worker-JM"                         [_thread_blocked, id=12388, stack(0x000000b00d800000,0x000000b00d900000) (1024K)]
Total: 16

Other Threads:
  0x000002a0e5234960 VMThread "VM Thread"                           [id=30272, stack(0x000000b00c200000,0x000000b00c300000) (1024K)]
  0x000002a0e512ca00 WatcherThread "VM Periodic Task Thread"        [id=30040, stack(0x000000b00c100000,0x000000b00c200000) (1024K)]
  0x000002a0cc8cb770 WorkerThread "GC Thread#0"                     [id=26124, stack(0x000000b00c000000,0x000000b00c100000) (1024K)]
  0x000002a0e7b27770 WorkerThread "GC Thread#1"                     [id=14368, stack(0x000000b00cf00000,0x000000b00d000000) (1024K)]
  0x000002a0e7b27b10 WorkerThread "GC Thread#2"                     [id=24392, stack(0x000000b00d000000,0x000000b00d100000) (1024K)]
  0x000002a0e7b27eb0 WorkerThread "GC Thread#3"                     [id=9224, stack(0x000000b00d100000,0x000000b00d200000) (1024K)]
  0x000002a0e7713370 WorkerThread "GC Thread#4"                     [id=9112, stack(0x000000b00d200000,0x000000b00d300000) (1024K)]
  0x000002a0e7713710 WorkerThread "GC Thread#5"                     [id=13440, stack(0x000000b00d300000,0x000000b00d400000) (1024K)]
  0x000002a0e7713ab0 WorkerThread "GC Thread#6"                     [id=21456, stack(0x000000b00d400000,0x000000b00d500000) (1024K)]
  0x000002a0ec0ea0f0 WorkerThread "GC Thread#7"                     [id=13356, stack(0x000000b00d700000,0x000000b00d800000) (1024K)]
  0x000002a0e7dfaa20 WorkerThread "GC Thread#8"                     [id=29912, stack(0x000000b00d900000,0x000000b00da00000) (1024K)]
  0x000002a0e7dfa2e0 WorkerThread "GC Thread#9"                     [id=26560, stack(0x000000b00da00000,0x000000b00db00000) (1024K)]
Total: 12

Threads with active compile tasks:
C2 CompilerThread0  9782 2296       4       lombok.patcher.PatchScript::classMatches (41 bytes)
Total: 1

VM state: not at safepoint (normal execution)

VM Mutex/Monitor currently owned by a thread: None

Heap address: 0x0000000080000000, size: 2048 MB, Compressed Oops mode: 32-bit

CDS archive(s) mapped at: [0x000002a080000000-0x000002a080ba0000-0x000002a080ba0000), size 12189696, SharedBaseAddress: 0x000002a080000000, ArchiveRelocationMode: 1.
Compressed class space mapped at: 0x000002a081000000-0x000002a0c1000000, reserved size: 1073741824
Narrow klass base: 0x000002a080000000, Narrow klass shift: 0, Narrow klass range: 0x100000000

GC Precious Log:
 CardTable entry size: 512
 CPUs: 12 total, 12 available
 Memory: 16092M
 Large Page Support: Disabled
 NUMA Support: Disabled
 Compressed Oops: Enabled (32-bit)
 Alignments: Space 512K, Generation 512K, Heap 2M
 Heap Min Capacity: 100M
 Heap Initial Capacity: 100M
 Heap Max Capacity: 2G
 Pre-touch: Disabled
 Parallel Workers: 10

Heap:
 PSYoungGen      total 29696K, used 11347K [0x00000000d5580000, 0x00000000d7680000, 0x0000000100000000)
  eden space 25600K, 28% used [0x00000000d5580000,0x00000000d5c97658,0x00000000d6e80000)
  from space 4096K, 99% used [0x00000000d6e80000,0x00000000d727d888,0x00000000d7280000)
  to   space 4096K, 0% used [0x00000000d7280000,0x00000000d7280000,0x00000000d7680000)
 ParOldGen       total 68608K, used 2666K [0x0000000080000000, 0x0000000084300000, 0x00000000d5580000)
  object space 68608K, 3% used [0x0000000080000000,0x000000008029aa00,0x0000000084300000)
 Metaspace       used 13943K, committed 14528K, reserved 1114112K
  class space    used 1469K, committed 1728K, reserved 1048576K

Card table byte_map: [0x000002a0e0560000,0x000002a0e0970000] _byte_map_base: 0x000002a0e0160000

Marking Bits: (ParMarkBitMap*) 0x00007fff6beda340
 Begin Bits: [0x000002a0e0c20000, 0x000002a0e2c20000)
 End Bits:   [0x000002a0e2c20000, 0x000002a0e4c20000)

Polling page: 0x000002a0d1350000

Metaspace:

Usage:
  Non-class:     12.18 MB used.
      Class:      1.43 MB used.
       Both:     13.62 MB used.

Virtual space:
  Non-class space:       64.00 MB reserved,      12.50 MB ( 20%) committed,  1 nodes.
      Class space:        1.00 GB reserved,       1.69 MB ( <1%) committed,  1 nodes.
             Both:        1.06 GB reserved,      14.19 MB (  1%) committed. 

Chunk freelists:
   Non-Class:  2.59 MB
       Class:  14.36 MB
        Both:  16.95 MB

MaxMetaspaceSize: unlimited
CompressedClassSpaceSize: 1.00 GB
Initial GC threshold: 21.00 MB
Current GC threshold: 21.00 MB
CDS: on
 - commit_granule_bytes: 65536.
 - commit_granule_words: 8192.
 - virtual_space_node_default_size: 8388608.
 - enlarge_chunks_in_place: 1.
 - use_allocation_guard: 0.


Internal statistics:

num_allocs_failed_limit: 0.
num_arena_births: 384.
num_arena_deaths: 0.
num_vsnodes_births: 2.
num_vsnodes_deaths: 0.
num_space_committed: 227.
num_space_uncommitted: 0.
num_chunks_returned_to_freelist: 0.
num_chunks_taken_from_freelist: 857.
num_chunk_merges: 0.
num_chunk_splits: 551.
num_chunks_enlarged: 354.
num_inconsistent_stats: 0.

CodeHeap 'non-profiled nmethods': size=120000Kb used=957Kb max_used=957Kb free=119043Kb
 bounds [0x000002a0d8e40000, 0x000002a0d90b0000, 0x000002a0e0370000]
CodeHeap 'profiled nmethods': size=120000Kb used=4532Kb max_used=4532Kb free=115467Kb
 bounds [0x000002a0d1370000, 0x000002a0d17e0000, 0x000002a0d88a0000]
CodeHeap 'non-nmethods': size=5760Kb used=1256Kb max_used=1269Kb free=4503Kb
 bounds [0x000002a0d88a0000, 0x000002a0d8b10000, 0x000002a0d8e40000]
CodeCache: size=245760Kb, used=6745Kb, max_used=6758Kb, free=239013Kb
 total_blobs=2879, nmethods=2349, adapters=436, full_count=0
Compilation: enabled, stopped_count=0, restarted_count=0

Compilation events (20 events):
Event: 6.678 Thread 0x000002a0e66b9c90 2319       3       org.eclipse.osgi.internal.hooks.EclipseLazyStarter::shouldActivateFor (123 bytes)
Event: 6.680 Thread 0x000002a0e66b9c90 nmethod 2319 0x000002a0d17c3f10 code [0x000002a0d17c41a0, 0x000002a0d17c4cb8]
Event: 6.680 Thread 0x000002a0e66b9c90 2320       3       java.util.ArrayDeque::addFirst (51 bytes)
Event: 6.680 Thread 0x000002a0e66b9c90 nmethod 2320 0x000002a0d17c5110 code [0x000002a0d17c5300, 0x000002a0d17c5770]
Event: 6.680 Thread 0x000002a0e66b9c90 2321       3       java.util.ArrayDeque::dec (13 bytes)
Event: 6.681 Thread 0x000002a0e66b9c90 nmethod 2321 0x000002a0d17c5910 code [0x000002a0d17c5aa0, 0x000002a0d17c5bc8]
Event: 6.682 Thread 0x000002a0e66b9c90 2322       3       org.eclipse.core.internal.registry.TableReader::readStringOrNull (18 bytes)
Event: 6.682 Thread 0x000002a0e66b9c90 nmethod 2322 0x000002a0d17c5c90 code [0x000002a0d17c5e80, 0x000002a0d17c62c8]
Event: 6.683 Thread 0x000002a0e66b9c90 2323       3       org.eclipse.core.internal.registry.TableReader::readUTF (126 bytes)
Event: 6.683 Thread 0x000002a0e7cadea0 2309       4       java.util.regex.Pattern$BmpCharPropertyGreedy::match (89 bytes)
Event: 6.684 Thread 0x000002a0e66b9c90 nmethod 2323 0x000002a0d17c6490 code [0x000002a0d17c67a0, 0x000002a0d17c7b00]
Event: 6.684 Thread 0x000002a0e66b9c90 2326       2       java.lang.String::<init> (99 bytes)
Event: 6.686 Thread 0x000002a0e66b9c90 nmethod 2326 0x000002a0d17c8210 code [0x000002a0d17c84e0, 0x000002a0d17c9008]
Event: 6.686 Thread 0x000002a0e66b9c90 2325       1       org.eclipse.core.internal.registry.Handle::getId (5 bytes)
Event: 6.686 Thread 0x000002a0e66b9c90 nmethod 2325 0x000002a0d8f2b590 code [0x000002a0d8f2b720, 0x000002a0d8f2b7e8]
Event: 6.900 Thread 0x000002a0e66b9c90 2328       3       java.util.concurrent.Semaphore$NonfairSync::tryAcquireShared (6 bytes)
Event: 8.716 Thread 0x000002a0e66b9c90 nmethod 2328 0x000002a0d17c9590 code [0x000002a0d17c9740, 0x000002a0d17c9878]
Event: 8.716 Thread 0x000002a0e66b9c90 2330       3       java.lang.AbstractStringBuilder::<init> (63 bytes)
Event: 8.716 Thread 0x000002a0e7cadea0 nmethod 2309 0x000002a0d8f2b890 code [0x000002a0d8f2ba60, 0x000002a0d8f2bf18]
Event: 8.717 Thread 0x000002a0e7cadea0 2318       4       java.lang.StringUTF16::getChar (60 bytes)

GC Heap History (6 events):
Event: 2.297 GC heap before
{Heap before GC invocations=1 (full 0):
 PSYoungGen      total 29696K, used 25600K [0x00000000d5580000, 0x00000000d7680000, 0x0000000100000000)
  eden space 25600K, 100% used [0x00000000d5580000,0x00000000d6e80000,0x00000000d6e80000)
  from space 4096K, 0% used [0x00000000d7280000,0x00000000d7280000,0x00000000d7680000)
  to   space 4096K, 0% used [0x00000000d6e80000,0x00000000d6e80000,0x00000000d7280000)
 ParOldGen       total 68608K, used 0K [0x0000000080000000, 0x0000000084300000, 0x00000000d5580000)
  object space 68608K, 0% used [0x0000000080000000,0x0000000080000000,0x0000000084300000)
 Metaspace       used 4317K, committed 4608K, reserved 1114112K
  class space    used 471K, committed 576K, reserved 1048576K
}
Event: 2.303 GC heap after
{Heap after GC invocations=1 (full 0):
 PSYoungGen      total 29696K, used 3351K [0x00000000d5580000, 0x00000000d7680000, 0x0000000100000000)
  eden space 25600K, 0% used [0x00000000d5580000,0x00000000d5580000,0x00000000d6e80000)
  from space 4096K, 81% used [0x00000000d6e80000,0x00000000d71c5e28,0x00000000d7280000)
  to   space 4096K, 0% used [0x00000000d7280000,0x00000000d7280000,0x00000000d7680000)
 ParOldGen       total 68608K, used 16K [0x0000000080000000, 0x0000000084300000, 0x00000000d5580000)
  object space 68608K, 0% used [0x0000000080000000,0x0000000080004000,0x0000000084300000)
 Metaspace       used 4317K, committed 4608K, reserved 1114112K
  class space    used 471K, committed 576K, reserved 1048576K
}
Event: 3.450 GC heap before
{Heap before GC invocations=2 (full 0):
 PSYoungGen      total 29696K, used 28949K [0x00000000d5580000, 0x00000000d7680000, 0x0000000100000000)
  eden space 25600K, 99% used [0x00000000d5580000,0x00000000d6e7f908,0x00000000d6e80000)
  from space 4096K, 81% used [0x00000000d6e80000,0x00000000d71c5e28,0x00000000d7280000)
  to   space 4096K, 0% used [0x00000000d7280000,0x00000000d7280000,0x00000000d7680000)
 ParOldGen       total 68608K, used 16K [0x0000000080000000, 0x0000000084300000, 0x00000000d5580000)
  object space 68608K, 0% used [0x0000000080000000,0x0000000080004000,0x0000000084300000)
 Metaspace       used 8165K, committed 8448K, reserved 1114112K
  class space    used 873K, committed 1024K, reserved 1048576K
}
Event: 3.456 GC heap after
{Heap after GC invocations=2 (full 0):
 PSYoungGen      total 29696K, used 4095K [0x00000000d5580000, 0x00000000d7680000, 0x0000000100000000)
  eden space 25600K, 0% used [0x00000000d5580000,0x00000000d5580000,0x00000000d6e80000)
  from space 4096K, 99% used [0x00000000d7280000,0x00000000d767fdd8,0x00000000d7680000)
  to   space 4096K, 0% used [0x00000000d6e80000,0x00000000d6e80000,0x00000000d7280000)
 ParOldGen       total 68608K, used 947K [0x0000000080000000, 0x0000000084300000, 0x00000000d5580000)
  object space 68608K, 1% used [0x0000000080000000,0x00000000800ecec8,0x0000000084300000)
 Metaspace       used 8165K, committed 8448K, reserved 1114112K
  class space    used 873K, committed 1024K, reserved 1048576K
}
Event: 6.494 GC heap before
{Heap before GC invocations=3 (full 0):
 PSYoungGen      total 29696K, used 29695K [0x00000000d5580000, 0x00000000d7680000, 0x0000000100000000)
  eden space 25600K, 100% used [0x00000000d5580000,0x00000000d6e80000,0x00000000d6e80000)
  from space 4096K, 99% used [0x00000000d7280000,0x00000000d767fdd8,0x00000000d7680000)
  to   space 4096K, 0% used [0x00000000d6e80000,0x00000000d6e80000,0x00000000d7280000)
 ParOldGen       total 68608K, used 947K [0x0000000080000000, 0x0000000084300000, 0x00000000d5580000)
  object space 68608K, 1% used [0x0000000080000000,0x00000000800ecec8,0x0000000084300000)
 Metaspace       used 13017K, committed 13568K, reserved 1114112K
  class space    used 1382K, committed 1664K, reserved 1048576K
}
Event: 6.499 GC heap after
{Heap after GC invocations=3 (full 0):
 PSYoungGen      total 29696K, used 4086K [0x00000000d5580000, 0x00000000d7680000, 0x0000000100000000)
  eden space 25600K, 0% used [0x00000000d5580000,0x00000000d5580000,0x00000000d6e80000)
  from space 4096K, 99% used [0x00000000d6e80000,0x00000000d727d888,0x00000000d7280000)
  to   space 4096K, 0% used [0x00000000d7280000,0x00000000d7280000,0x00000000d7680000)
 ParOldGen       total 68608K, used 2666K [0x0000000080000000, 0x0000000084300000, 0x00000000d5580000)
  object space 68608K, 3% used [0x0000000080000000,0x000000008029aa00,0x0000000084300000)
 Metaspace       used 13017K, committed 13568K, reserved 1114112K
  class space    used 1382K, committed 1664K, reserved 1048576K
}

Dll operation events (9 events):
Event: 0.021 Loaded shared library c:\Users\user\.vscode\extensions\redhat.java-1.46.0-win32-x64\jre\21.0.8-win32-x86_64\bin\java.dll
Event: 1.164 Loaded shared library c:\Users\user\.vscode\extensions\redhat.java-1.46.0-win32-x64\jre\21.0.8-win32-x86_64\bin\zip.dll
Event: 1.201 Loaded shared library C:\Users\user\.vscode\extensions\redhat.java-1.46.0-win32-x64\jre\21.0.8-win32-x86_64\bin\instrument.dll
Event: 1.213 Loaded shared library C:\Users\user\.vscode\extensions\redhat.java-1.46.0-win32-x64\jre\21.0.8-win32-x86_64\bin\net.dll
Event: 1.218 Loaded shared library C:\Users\user\.vscode\extensions\redhat.java-1.46.0-win32-x64\jre\21.0.8-win32-x86_64\bin\nio.dll
Event: 1.224 Loaded shared library C:\Users\user\.vscode\extensions\redhat.java-1.46.0-win32-x64\jre\21.0.8-win32-x86_64\bin\zip.dll
Event: 1.260 Loaded shared library C:\Users\user\.vscode\extensions\redhat.java-1.46.0-win32-x64\jre\21.0.8-win32-x86_64\bin\jimage.dll
Event: 1.388 Loaded shared library c:\Users\user\.vscode\extensions\redhat.java-1.46.0-win32-x64\jre\21.0.8-win32-x86_64\bin\verify.dll
Event: 3.392 Loaded shared library C:\Users\user\AppData\Roaming\Code\User\globalStorage\redhat.java\1.46.0\config_ss_win\org.eclipse.equinox.launcher\org.eclipse.equinox.launcher.win32.win32.x86_64_1.2.1400.v20250801-0854\eclipse_11916.dll

Deoptimization events (20 events):
Event: 4.142 Thread 0x000002a0ec042f70 Uncommon trap: trap_request=0xffffff45 fr.pc=0x000002a0d8ead1b4 relative=0x0000000000000454
Event: 4.142 Thread 0x000002a0ec042f70 Uncommon trap: reason=unstable_if action=reinterpret pc=0x000002a0d8ead1b4 method=java.util.jar.Manifest$FastInputStream.readLine([BII)I @ 106 c2
Event: 4.142 Thread 0x000002a0ec042f70 DEOPT PACKING pc=0x000002a0d8ead1b4 sp=0x000000b00d6fe180
Event: 4.142 Thread 0x000002a0ec042f70 DEOPT UNPACKING pc=0x000002a0d88f3aa2 sp=0x000000b00d6fe0b8 mode 2
Event: 4.142 Thread 0x000002a0ec042f70 Uncommon trap: trap_request=0xffffff45 fr.pc=0x000002a0d8e9c3dc relative=0x000000000000047c
Event: 4.142 Thread 0x000002a0ec042f70 Uncommon trap: reason=unstable_if action=reinterpret pc=0x000002a0d8e9c3dc method=java.util.jar.Manifest$FastInputStream.readLine([BII)I @ 106 c2
Event: 4.142 Thread 0x000002a0ec042f70 DEOPT PACKING pc=0x000002a0d8e9c3dc sp=0x000000b00d6fe110
Event: 4.142 Thread 0x000002a0ec042f70 DEOPT UNPACKING pc=0x000002a0d88f3aa2 sp=0x000000b00d6fe0c0 mode 2
Event: 4.142 Thread 0x000002a0ec042f70 Uncommon trap: trap_request=0xffffff45 fr.pc=0x000002a0d8eadb3c relative=0x000000000000009c
Event: 4.142 Thread 0x000002a0ec042f70 Uncommon trap: reason=unstable_if action=reinterpret pc=0x000002a0d8eadb3c method=java.util.jar.Manifest$FastInputStream.peek()B @ 8 c2
Event: 4.142 Thread 0x000002a0ec042f70 DEOPT PACKING pc=0x000002a0d8eadb3c sp=0x000000b00d6fe1e0
Event: 4.142 Thread 0x000002a0ec042f70 DEOPT UNPACKING pc=0x000002a0d88f3aa2 sp=0x000000b00d6fe178 mode 2
Event: 6.459 Thread 0x000002a0ec042f70 Uncommon trap: trap_request=0xffffff45 fr.pc=0x000002a0d8e919a0 relative=0x0000000000000e80
Event: 6.459 Thread 0x000002a0ec042f70 Uncommon trap: reason=unstable_if action=reinterpret pc=0x000002a0d8e919a0 method=lombok.patcher.PatchScript.classMatches(Ljava/lang/String;Ljava/util/Collection;)Z @ 25 c2
Event: 6.459 Thread 0x000002a0ec042f70 DEOPT PACKING pc=0x000002a0d8e919a0 sp=0x000000b00d6f6e30
Event: 6.459 Thread 0x000002a0ec042f70 DEOPT UNPACKING pc=0x000002a0d88f3aa2 sp=0x000000b00d6f6df0 mode 2
Event: 6.661 Thread 0x000002a0ec042f70 Uncommon trap: trap_request=0xffffff45 fr.pc=0x000002a0d8e7a674 relative=0x0000000000000054
Event: 6.662 Thread 0x000002a0ec042f70 Uncommon trap: reason=unstable_if action=reinterpret pc=0x000002a0d8e7a674 method=java.lang.CharacterData.of(I)Ljava/lang/CharacterData; @ 4 c2
Event: 6.662 Thread 0x000002a0ec042f70 DEOPT PACKING pc=0x000002a0d8e7a674 sp=0x000000b00d6f8f70
Event: 6.662 Thread 0x000002a0ec042f70 DEOPT UNPACKING pc=0x000002a0d88f3aa2 sp=0x000000b00d6f8f08 mode 2

Classes loaded (20 events):
Event: 6.612 Loading class java/lang/invoke/DirectMethodHandle$1
Event: 6.613 Loading class java/lang/invoke/DirectMethodHandle$1 done
Event: 6.628 Loading class java/text/MessageFormat
Event: 6.629 Loading class java/text/MessageFormat done
Event: 6.636 Loading class jdk/internal/module/ModulePatcher$PatchedModuleReader
Event: 6.636 Loading class jdk/internal/module/ModulePatcher$PatchedModuleReader done
Event: 6.647 Loading class sun/util/resources/LocaleData$CommonResourceBundleProvider
Event: 6.647 Loading class sun/util/resources/LocaleData$LocaleDataResourceBundleProvider
Event: 6.647 Loading class java/util/spi/ResourceBundleProvider
Event: 6.648 Loading class java/util/spi/ResourceBundleProvider done
Event: 6.648 Loading class sun/util/resources/LocaleData$LocaleDataResourceBundleProvider done
Event: 6.648 Loading class sun/util/resources/LocaleData$CommonResourceBundleProvider done
Event: 6.651 Loading class sun/text/resources/cldr/FormatData_en
Event: 6.652 Loading class sun/text/resources/cldr/FormatData_en done
Event: 6.652 Loading class sun/util/resources/Bundles$2
Event: 6.652 Loading class sun/util/resources/Bundles$2 done
Event: 6.667 Loading class java/text/FieldPosition$Delegate
Event: 6.667 Loading class java/text/FieldPosition$Delegate done
Event: 6.667 Loading class java/text/MessageFormat$Field
Event: 6.668 Loading class java/text/MessageFormat$Field done

Classes unloaded (0 events):
No events

Classes redefined (0 events):
No events

Internal exceptions (20 events):
Event: 2.928 Thread 0x000002a0cc8ad190 Exception <a 'java/lang/IncompatibleClassChangeError'{0x00000000d644f558}: Found class java.lang.Object, but interface was expected> (0x00000000d644f558) 
thrown [s\src\hotspot\share\interpreter\linkResolver.cpp, line 840]
Event: 2.930 Thread 0x000002a0cc8ad190 Exception <a 'java/lang/NoSuchMethodError'{0x00000000d6455b68}: 'void java.lang.invoke.DirectMethodHandle$Holder.invokeStaticInit(java.lang.Object, java.lang.Object)'> (0x00000000d6455b68) 
thrown [s\src\hotspot\share\interpreter\linkResolver.cpp, line 773]
Event: 2.931 Thread 0x000002a0cc8ad190 Exception <a 'java/lang/NoSuchMethodError'{0x00000000d645ed60}: 'int java.lang.invoke.DirectMethodHandle$Holder.invokeStaticInit(java.lang.Object, java.lang.Object)'> (0x00000000d645ed60) 
thrown [s\src\hotspot\share\interpreter\linkResolver.cpp, line 773]
Event: 3.017 Thread 0x000002a0cc8ad190 Exception <a 'java/lang/NoSuchMethodError'{0x00000000d66a77c0}: 'java.lang.Object java.lang.invoke.DirectMethodHandle$Holder.newInvokeSpecial(java.lang.Object, int, java.lang.Object)'> (0x00000000d66a77c0) 
thrown [s\src\hotspot\share\interpreter\linkResolver.cpp, line 773]
Event: 3.092 Thread 0x000002a0cc8ad190 Exception <a 'java/lang/ClassNotFoundException'{0x00000000d68be748}: sun/net/www/protocol/plurl/Handler> (0x00000000d68be748) 
thrown [s\src\hotspot\share\classfile\systemDictionary.cpp, line 312]
Event: 3.092 Thread 0x000002a0cc8ad190 Exception <a 'java/lang/ClassNotFoundException'{0x00000000d68bf5c8}: sun/net/www/protocol/plurl/Handler> (0x00000000d68bf5c8) 
thrown [s\src\hotspot\share\classfile\systemDictionary.cpp, line 312]
Event: 3.382 Thread 0x000002a0cc8ad190 Exception <a 'java/lang/UnsatisfiedLinkError'{0x00000000d6cbe1c0}: 'void org.eclipse.equinox.launcher.JNIBridge._update_splash()'> (0x00000000d6cbe1c0) 
thrown [s\src\hotspot\share\prims\nativeLookup.cpp, line 415]
Event: 3.528 Thread 0x000002a0ec042f70 Exception <a 'java/lang/NullPointerException'{0x00000000d57ee638}> (0x00000000d57ee638) 
thrown [s\src\hotspot\share\interpreter\linkResolver.cpp, line 1372]
Event: 3.528 Thread 0x000002a0ec042f70 Exception <a 'java/lang/NullPointerException'{0x00000000d57ee918}> (0x00000000d57ee918) 
thrown [s\src\hotspot\share\interpreter\linkResolver.cpp, line 1372]
Event: 3.845 Thread 0x000002a0ec042f70 Exception <a 'java/lang/NoSuchMethodError'{0x00000000d60d7eb8}: 'long java.lang.invoke.DirectMethodHandle$Holder.invokeSpecial(java.lang.Object, java.lang.Object)'> (0x00000000d60d7eb8) 
thrown [s\src\hotspot\share\interpreter\linkResolver.cpp, line 773]
Event: 3.946 Thread 0x000002a0ec042f70 Exception <a 'java/io/FileNotFoundException'{0x00000000d62c95e8}> (0x00000000d62c95e8) 
thrown [s\src\hotspot\share\prims\jni.cpp, line 520]
Event: 4.117 Thread 0x000002a0ec042f70 Exception <a 'java/lang/NoSuchMethodError'{0x00000000d65a3850}: 'java.lang.Object java.lang.invoke.Invokers$Holder.linkToTargetMethod(java.lang.Object, long, java.lang.Object)'> (0x00000000d65a3850) 
thrown [s\src\hotspot\share\interpreter\linkResolver.cpp, line 773]
Event: 5.228 Thread 0x000002a0ec042f70 Exception <a 'java/lang/NoSuchMethodError'{0x00000000d69514f8}: 'void java.lang.invoke.DirectMethodHandle$Holder.invokeInterface(java.lang.Object, java.lang.Object, java.lang.Object)'> (0x00000000d69514f8) 
thrown [s\src\hotspot\share\interpreter\linkResolver.cpp, line 773]
Event: 5.315 Thread 0x000002a0ec042f70 Exception <a 'java/lang/NoSuchMethodError'{0x00000000d6b41368}: 'void java.lang.invoke.Invokers$Holder.invokeExact_MT(java.lang.Object, java.lang.Object, java.lang.Object)'> (0x00000000d6b41368) 
thrown [s\src\hotspot\share\interpreter\linkResolver.cpp, line 773]
Event: 6.485 Thread 0x000002a0ec042f70 Exception <a 'java/lang/NoSuchMethodError'{0x00000000d6e2d388}: 'java.lang.Object java.lang.invoke.DirectMethodHandle$Holder.invokeVirtual(java.lang.Object, java.lang.Object, java.lang.Object)'> (0x00000000d6e2d388) 
thrown [s\src\hotspot\share\interpreter\linkResolver.cpp, line 773]
Event: 6.489 Thread 0x000002a0ec042f70 Exception <a 'java/lang/NoSuchMethodError'{0x00000000d6e45988}: 'java.lang.Object java.lang.invoke.DelegatingMethodHandle$Holder.reinvoke_L(java.lang.Object, java.lang.Object, java.lang.Object, java.lang.Object, int, int)'> (0x00000000d6e45988) 
thrown [s\src\hotspot\share\interpreter\linkResolver.cpp, line 773]
Event: 6.492 Thread 0x000002a0ec042f70 Exception <a 'java/lang/NoSuchMethodError'{0x00000000d6e62ca0}: 'java.lang.Object java.lang.invoke.DirectMethodHandle$Holder.newInvokeSpecial(java.lang.Object, java.lang.Object, java.lang.Object, java.lang.Object, java.lang.Object, java.lang.Object)'> (0x00000000d6e62ca0) 
thrown [s\src\hotspot\share\interpreter\linkResolver.cpp, line 773]
Event: 6.501 Thread 0x000002a0ec042f70 Exception <a 'java/lang/NoSuchMethodError'{0x00000000d55967d0}: 'void java.lang.invoke.Invokers$Holder.invokeExact_MT(java.lang.Object, java.lang.Object, java.lang.Object, java.lang.Object)'> (0x00000000d55967d0) 
thrown [s\src\hotspot\share\interpreter\linkResolver.cpp, line 773]
Event: 6.595 Thread 0x000002a0ec042f70 Exception <a 'java/io/FileNotFoundException'{0x00000000d5767a70}> (0x00000000d5767a70) 
thrown [s\src\hotspot\share\prims\jni.cpp, line 520]
Event: 6.596 Thread 0x000002a0ec042f70 Exception <a 'java/io/FileNotFoundException'{0x00000000d576ef28}> (0x00000000d576ef28) 
thrown [s\src\hotspot\share\prims\jni.cpp, line 520]

ZGC Phase Switch (0 events):
No events

VM Operations (20 events):
Event: 3.450 Executing VM operation: ParallelGCFailedAllocation (Allocation Failure)
Event: 3.456 Executing VM operation: ParallelGCFailedAllocation (Allocation Failure) done
Event: 3.707 Executing VM operation: HandshakeAllThreads (Deoptimize)
Event: 3.707 Executing VM operation: HandshakeAllThreads (Deoptimize) done
Event: 4.173 Executing VM operation: HandshakeAllThreads (Deoptimize)
Event: 4.173 Executing VM operation: HandshakeAllThreads (Deoptimize) done
Event: 5.187 Executing VM operation: Cleanup
Event: 5.187 Executing VM operation: Cleanup done
Event: 6.190 Executing VM operation: Cleanup
Event: 6.437 Executing VM operation: Cleanup done
Event: 6.494 Executing VM operation: ParallelGCFailedAllocation (Allocation Failure)
Event: 6.499 Executing VM operation: ParallelGCFailedAllocation (Allocation Failure) done
Event: 6.630 Executing VM operation: HandshakeAllThreads (Deoptimize)
Event: 6.630 Executing VM operation: HandshakeAllThreads (Deoptimize) done
Event: 6.638 Executing VM operation: HandshakeAllThreads (Deoptimize)
Event: 6.638 Executing VM operation: HandshakeAllThreads (Deoptimize) done
Event: 6.663 Executing VM operation: HandshakeAllThreads (Deoptimize)
Event: 6.663 Executing VM operation: HandshakeAllThreads (Deoptimize) done
Event: 7.667 Executing VM operation: Cleanup
Event: 7.667 Executing VM operation: Cleanup done

Memory protections (0 events):
No events

Nmethod flushes (0 events):
No events

Events (20 events):
Event: 1.099 Thread 0x000002a0cc8ad190 Thread added: 0x000002a0e66a2b00
Event: 1.099 Thread 0x000002a0cc8ad190 Thread added: 0x000002a0e66a50f0
Event: 1.099 Thread 0x000002a0cc8ad190 Thread added: 0x000002a0e66b73c0
Event: 1.100 Thread 0x000002a0cc8ad190 Thread added: 0x000002a0e66b9c90
Event: 1.138 Thread 0x000002a0cc8ad190 Thread added: 0x000002a0e6793320
Event: 1.182 Thread 0x000002a0e66b9c90 Thread added: 0x000002a0e6912ad0
Event: 1.527 Thread 0x000002a0cc8ad190 Thread added: 0x000002a0e6a1b5f0
Event: 1.810 Thread 0x000002a0e66b73c0 Thread added: 0x000002a0e777af90
Event: 2.936 Thread 0x000002a0e777af90 Thread exited: 0x000002a0e777af90
Event: 2.953 Thread 0x000002a0cc8ad190 Thread added: 0x000002a0ec094a10
Event: 3.369 Thread 0x000002a0cc8ad190 Thread added: 0x000002a0e7bd4a70
Event: 3.379 Thread 0x000002a0cc8ad190 Thread added: 0x000002a0ec042f70
Event: 3.532 Thread 0x000002a0e6912ad0 Thread exited: 0x000002a0e6912ad0
Event: 3.682 Thread 0x000002a0ec042f70 Thread added: 0x000002a0e7d90330
Event: 3.865 Thread 0x000002a0e66b9c90 Thread added: 0x000002a0e7dd4890
Event: 3.865 Thread 0x000002a0e66b9c90 Thread added: 0x000002a0ec038510
Event: 4.004 Thread 0x000002a0ec038510 Thread exited: 0x000002a0ec038510
Event: 5.192 Thread 0x000002a0e7dd4890 Thread exited: 0x000002a0e7dd4890
Event: 5.261 Thread 0x000002a0ec042f70 Thread added: 0x000002a0ec132920
Event: 6.683 Thread 0x000002a0e66b9c90 Thread added: 0x000002a0e7cadea0


Dynamic libraries:
0x00007ff7f6100000 - 0x00007ff7f610e000 	c:\Users\user\.vscode\extensions\redhat.java-1.46.0-win32-x64\jre\21.0.8-win32-x86_64\bin\java.exe
0x00007ff819620000 - 0x00007ff819888000 	C:\WINDOWS\SYSTEM32\ntdll.dll
0x00007ff818170000 - 0x00007ff818239000 	C:\WINDOWS\System32\KERNEL32.DLL
0x00007ff816e20000 - 0x00007ff817218000 	C:\WINDOWS\System32\KERNELBASE.dll
0x00007ff816930000 - 0x00007ff816a7b000 	C:\WINDOWS\System32\ucrtbase.dll
0x00007fffda830000 - 0x00007fffda84e000 	c:\Users\user\.vscode\extensions\redhat.java-1.46.0-win32-x64\jre\21.0.8-win32-x86_64\bin\VCRUNTIME140.dll
0x00007fffe1360000 - 0x00007fffe1378000 	c:\Users\user\.vscode\extensions\redhat.java-1.46.0-win32-x64\jre\21.0.8-win32-x86_64\bin\jli.dll
0x00007ff817ac0000 - 0x00007ff817c87000 	C:\WINDOWS\System32\USER32.dll
0x00007ffff9d40000 - 0x00007ffff9fd4000 	C:\WINDOWS\WinSxS\amd64_microsoft.windows.common-controls_6595b64144ccf1df_6.0.26100.7019_none_3e06ffa0e335b8a8\COMCTL32.dll
0x00007ff817220000 - 0x00007ff817247000 	C:\WINDOWS\System32\win32u.dll
0x00007ff818fb0000 - 0x00007ff819059000 	C:\WINDOWS\System32\msvcrt.dll
0x00007ff8195b0000 - 0x00007ff8195db000 	C:\WINDOWS\System32\GDI32.dll
0x00007ff816800000 - 0x00007ff81692c000 	C:\WINDOWS\System32\gdi32full.dll
0x00007ff816d70000 - 0x00007ff816e13000 	C:\WINDOWS\System32\msvcp_win.dll
0x00007ff819060000 - 0x00007ff819091000 	C:\WINDOWS\System32\IMM32.DLL
0x00007ffffa020000 - 0x00007ffffa02c000 	c:\Users\user\.vscode\extensions\redhat.java-1.46.0-win32-x64\jre\21.0.8-win32-x86_64\bin\vcruntime140_1.dll
0x00007fffbfb40000 - 0x00007fffbfbcd000 	c:\Users\user\.vscode\extensions\redhat.java-1.46.0-win32-x64\jre\21.0.8-win32-x86_64\bin\msvcp140.dll
0x00007fff6b220000 - 0x00007fff6bfb7000 	c:\Users\user\.vscode\extensions\redhat.java-1.46.0-win32-x64\jre\21.0.8-win32-x86_64\bin\server\jvm.dll
0x00007ff818c40000 - 0x00007ff818cf4000 	C:\WINDOWS\System32\ADVAPI32.dll
0x00007ff818a20000 - 0x00007ff818ac6000 	C:\WINDOWS\System32\sechost.dll
0x00007ff818030000 - 0x00007ff818148000 	C:\WINDOWS\System32\RPCRT4.dll
0x00007ff8193c0000 - 0x00007ff819434000 	C:\WINDOWS\System32\WS2_32.dll
0x00007ff80dce0000 - 0x00007ff80dd15000 	C:\WINDOWS\SYSTEM32\WINMM.dll
0x00007ffffbcc0000 - 0x00007ffffbccb000 	C:\WINDOWS\SYSTEM32\VERSION.dll
0x00007ff8165f0000 - 0x00007ff81664e000 	C:\WINDOWS\SYSTEM32\POWRPROF.dll
0x00007ff8165d0000 - 0x00007ff8165e4000 	C:\WINDOWS\SYSTEM32\UMPDC.dll
0x00007ff815450000 - 0x00007ff81546b000 	C:\WINDOWS\SYSTEM32\kernel.appcore.dll
0x00007ffff8230000 - 0x00007ffff823a000 	c:\Users\user\.vscode\extensions\redhat.java-1.46.0-win32-x64\jre\21.0.8-win32-x86_64\bin\jimage.dll
0x00007ff813da0000 - 0x00007ff813fe2000 	C:\WINDOWS\SYSTEM32\DBGHELP.DLL
0x00007ff817ca0000 - 0x00007ff81802b000 	C:\WINDOWS\System32\combase.dll
0x00007ff817550000 - 0x00007ff817627000 	C:\WINDOWS\System32\OLEAUT32.dll
0x00007ffffa860000 - 0x00007ffffa89c000 	C:\WINDOWS\SYSTEM32\dbgcore.DLL
0x00007ff817250000 - 0x00007ff8172f5000 	C:\WINDOWS\System32\bcryptPrimitives.dll
0x00007fffda8f0000 - 0x00007fffda8ff000 	c:\Users\user\.vscode\extensions\redhat.java-1.46.0-win32-x64\jre\21.0.8-win32-x86_64\bin\instrument.dll
0x00007fffda7f0000 - 0x00007fffda80f000 	c:\Users\user\.vscode\extensions\redhat.java-1.46.0-win32-x64\jre\21.0.8-win32-x86_64\bin\java.dll
0x00007ff818240000 - 0x00007ff818991000 	C:\WINDOWS\System32\SHELL32.dll
0x00007ff816c00000 - 0x00007ff816d6b000 	C:\WINDOWS\System32\wintypes.dll
0x00007ff814350000 - 0x00007ff814bad000 	C:\WINDOWS\SYSTEM32\windows.storage.dll
0x00007ff818eb0000 - 0x00007ff818fa2000 	C:\WINDOWS\System32\SHCORE.dll
0x00007ff819440000 - 0x00007ff8194a7000 	C:\WINDOWS\System32\shlwapi.dll
0x00007ff816690000 - 0x00007ff8166b9000 	C:\WINDOWS\SYSTEM32\profapi.dll
0x00007fffda7d0000 - 0x00007fffda7e8000 	c:\Users\user\.vscode\extensions\redhat.java-1.46.0-win32-x64\jre\21.0.8-win32-x86_64\bin\zip.dll
0x00007ffff4d40000 - 0x00007ffff4d50000 	C:\Users\user\.vscode\extensions\redhat.java-1.46.0-win32-x64\jre\21.0.8-win32-x86_64\bin\net.dll
0x00007ff80f430000 - 0x00007ff80f558000 	C:\WINDOWS\SYSTEM32\WINHTTP.dll
0x00007ff815a40000 - 0x00007ff815aab000 	C:\WINDOWS\system32\mswsock.dll
0x00007fffda790000 - 0x00007fffda7a6000 	C:\Users\user\.vscode\extensions\redhat.java-1.46.0-win32-x64\jre\21.0.8-win32-x86_64\bin\nio.dll
0x00007ff807350000 - 0x00007ff807360000 	c:\Users\user\.vscode\extensions\redhat.java-1.46.0-win32-x64\jre\21.0.8-win32-x86_64\bin\verify.dll
0x00007fffe3d80000 - 0x00007fffe3dc4000 	C:\Users\user\AppData\Roaming\Code\User\globalStorage\redhat.java\1.46.0\config_ss_win\org.eclipse.equinox.launcher\org.eclipse.equinox.launcher.win32.win32.x86_64_1.2.1400.v20250801-0854\eclipse_11916.dll
0x00007ff818d10000 - 0x00007ff818ea7000 	C:\WINDOWS\System32\ole32.dll

JVMTI agents:
c:\Users\user\.vscode\extensions\redhat.java-1.46.0-win32-x64\lombok\lombok-1.18.39-4050.jar path:c:\Users\user\.vscode\extensions\redhat.java-1.46.0-win32-x64\jre\21.0.8-win32-x86_64\bin\instrument.dll, loaded, initialized, instrumentlib options:none

dbghelp: loaded successfully - version: 4.0.5 - missing functions: none
symbol engine: initialized successfully - sym options: 0x614 - pdb path: .;c:\Users\user\.vscode\extensions\redhat.java-1.46.0-win32-x64\jre\21.0.8-win32-x86_64\bin;C:\WINDOWS\SYSTEM32;C:\WINDOWS\WinSxS\amd64_microsoft.windows.common-controls_6595b64144ccf1df_6.0.26100.7019_none_3e06ffa0e335b8a8;c:\Users\user\.vscode\extensions\redhat.java-1.46.0-win32-x64\jre\21.0.8-win32-x86_64\bin\server;C:\Users\user\AppData\Roaming\Code\User\globalStorage\redhat.java\1.46.0\config_ss_win\org.eclipse.equinox.launcher\org.eclipse.equinox.launcher.win32.win32.x86_64_1.2.1400.v20250801-0854

VM Arguments:
jvm_args: --add-modules=ALL-SYSTEM --add-opens=java.base/java.util=ALL-UNNAMED --add-opens=java.base/java.lang=ALL-UNNAMED --add-opens=java.base/sun.nio.fs=ALL-UNNAMED -Declipse.application=org.eclipse.jdt.ls.core.id1 -Dosgi.bundles.defaultStartLevel=4 -Declipse.product=org.eclipse.jdt.ls.core.product -Djava.import.generatesMetadataFilesAtProjectRoot=false -DDetectVMInstallationsJob.disabled=true -Dfile.encoding=utf8 -XX:+UseParallelGC -XX:GCTimeRatio=4 -XX:AdaptiveSizePolicyWeight=90 -Dsun.zip.disableMemoryMapping=true -Xmx2G -Xms100m -Xlog:disable -javaagent:c:\Users\user\.vscode\extensions\redhat.java-1.46.0-win32-x64\lombok\lombok-1.18.39-4050.jar 
java_command: c:\Users\user\.vscode\extensions\redhat.java-1.46.0-win32-x64\server\plugins\org.eclipse.equinox.launcher_1.7.0.v20250519-0528.jar -configuration c:\Users\user\AppData\Roaming\Code\User\globalStorage\redhat.java\1.46.0\config_ss_win -data c:\Users\user\AppData\Roaming\Code\User\workspaceStorage\2aaed60db281543242e4faffdcba5428\redhat.java\ss_ws --pipe=\\.\pipe\lsp-ce1903b497c69fd01bcf11b5abb93143-sock
java_class_path (initial): c:\Users\user\.vscode\extensions\redhat.java-1.46.0-win32-x64\server\plugins\org.eclipse.equinox.launcher_1.7.0.v20250519-0528.jar
Launcher Type: SUN_STANDARD

[Global flags]
    uintx AdaptiveSizePolicyWeight                 = 90                                        {product} {command line}
     intx CICompilerCount                          = 4                                         {product} {ergonomic}
    uintx GCTimeRatio                              = 4                                         {product} {command line}
   size_t InitialHeapSize                          = 104857600                                 {product} {command line}
   size_t MaxHeapSize                              = 2147483648                                {product} {command line}
   size_t MaxNewSize                               = 715653120                                 {product} {ergonomic}
   size_t MinHeapDeltaBytes                        = 524288                                    {product} {ergonomic}
   size_t MinHeapSize                              = 104857600                                 {product} {command line}
   size_t NewSize                                  = 34603008                                  {product} {ergonomic}
    uintx NonNMethodCodeHeapSize                   = 5839372                                {pd product} {ergonomic}
    uintx NonProfiledCodeHeapSize                  = 122909434                              {pd product} {ergonomic}
   size_t OldSize                                  = 70254592                                  {product} {ergonomic}
    uintx ProfiledCodeHeapSize                     = 122909434                              {pd product} {ergonomic}
    uintx ReservedCodeCacheSize                    = 251658240                              {pd product} {ergonomic}
     bool SegmentedCodeCache                       = true                                      {product} {ergonomic}
   size_t SoftMaxHeapSize                          = 2147483648                             {manageable} {ergonomic}
     bool UseCompressedOops                        = true                           {product lp64_product} {ergonomic}
     bool UseLargePagesIndividualAllocation        = false                                  {pd product} {ergonomic}
     bool UseParallelGC                            = true                                      {product} {command line}

Logging:
Log output configuration:
 #0: stdout all=off uptime,level,tags foldmultilines=false
 #1: stderr all=off uptime,level,tags foldmultilines=false

Environment Variables:
PATH=C:\Program Files (x86)\VMware\VMware Workstation\bin\;C:\Ruby32\bin;D:\ruby\Ruby32\bin;C:\Program Files\Common Files\Oracle\Java\javapath;C:\Program Files\Microsoft\jdk-11.0.16.101-hotspot\bin;C:\Program Files (x86)\NVIDIA Corporation\PhysX\Common;C:\WINDOWS\system32;C:\WINDOWS;C:\WINDOWS\System32\Wbem;C:\WINDOWS\System32\WindowsPowerShell\v1.0\;C:\WINDOWS\System32\OpenSSH\;C:\Program Files\Git\cmd;C:\Program Files\nodejs\;C:\Program Files\Microsoft SQL Server\150\Tools\Binn\;C:\Program Files\dotnet\;C:\Program Files\PuTTY\;C:\msys64\mingw64\bin;C:\Program Files\PostgreSQL\17\bin;c:\Users\user\AppData\Local\Programs\cursor\resources\app\bin;C:\Program Files\Geth;D:\SFML-2.6.1-windows-gcc-13.1.0-mingw-64-bit\SFML-2.6.1\bin;C:\Program Files\CMake\bin;C:\WINDOWS\system32;C:\WINDOWS;C:\WINDOWS\System32\Wbem;C:\WINDOWS\System32\WindowsPowerShell\v1.0\;C:\WINDOWS\System32\OpenSSH\;C:\Program Files (x86)\Nmap;C:\xampp\php;C:\composer;C:\Users\user\AppData\Local\Programs\Python\Python313;C:\Users\user\AppData\Local\Programs\Python\Python313\Scripts;C:\Users\user\AppData\Roaming\npm;C:\Program Files\mosquitto;D:\download new\teraterm-5.0 (1)\teraterm-5.0;D:\download new\Compressed\mingw-w64-v13.0.0\mingw-w64-v13.0.0;D:\CacheDB;C:\Program Files\Go\bin;C:\Program Files\MySQL\MySQL Server 8.0\bin;D:\new apps\CacheDB;C:\Program Files\Docker\Docker\resources\bin;C:\Program Files\Tenable\Nessus;C:\Users\user\scoop\shims;C:\Users\user\.console-ninja\.bin;c:\Users\user\AppData\Local\Programs\Trae\bin;C:\Program Files (x86)\VMware\VMware Workstation\bin\;C:\Ruby32\bin;D:\ruby\Ruby32\bin;C:\Program Files\Common Files\Oracle\Java\javapath;C:\Program Files\Microsoft\jdk-11.0.16.101-hotspot\bin;C:\Program Files (x86)\NVIDIA Corporation\PhysX\Common;C:\WINDOWS\system32;C:\WINDOWS;C:\WINDOWS\System32\Wbem;C:\WINDOWS\System32\WindowsPowerShell\v1.0\;C:\WINDOWS\System32\OpenSSH\;C:\Program Files\Git\cmd;C:\Program Files\nodejs\;C:\Program Files\Microsoft SQL Server\150\Tools\Binn\;C:\Program Files\dotnet\;C:\Program Files\Docker\Docker\resources\bin;C:\Program Files\PuTTY\;C:\MinGW\bin;C:\Program Files\PostgreSQL\17\bin;c:\Users\user\AppData\Local\Programs\cursor\resources\app\bin;C:\Program Files\Geth;D:\SFML-2.6.1-windows-gcc-13.1.0-mingw-64-bit\SFML-2.6.1\bin;C:\Program Files\CMake\bin;C:\WINDOWS\system32;C:\WINDOWS;C:\WINDOWS\System32\Wbem;C:\WINDOWS\System32\WindowsPowerShell\v1.0\;C:\WINDOWS\System32\OpenSSH\;C:\Program Files (x86)\Nmap;C:\xampp\php;C:\composer;C:\Program Files (x86)\VMware\VMware Workstation\bin\;C:\Ruby32\bin;D:\ruby\Ruby32\bin;C:\Program Files\Common Files\Oracle\Java\javapath;C:\Program Files\Microsoft\jdk-11.0.16.101-hotspot\bin;C:\Program Files (x86)\NVIDIA Corporation\PhysX\Common;C:\WINDOWS\system32;C:\WINDOWS;C:\WINDOWS\System32\Wbem;C:\WINDOWS\System32\WindowsPowerShell\v1.0\;C:\WINDOWS\System32\OpenSSH\;C:\Program Files\Git\cmd;C:\Program Files\nodejs\;C:\Program Files\Microsoft SQL Server\150\Tools\Binn\;C:\Program Files\dotnet\;C:\Program Files\Docker\Docker\resources\bin;C:\Program Files\PuTTY\;C:\MinGW\bin;C:\Program Files\PostgreSQL\17\bin;c:\Users\user\AppData\Local\Programs\cursor\resources\app\bin;C:\Program Files\Geth;D:\SFML-2.6.1-windows-gcc-13.1.0-mingw-64-bit\SFML-2.6.1\bin;C:\Program Files\CMake\bin;C:\WINDOWS\system32;C:\WINDOWS;C:\WINDOWS\System32\Wbem;C:\WINDOWS\System32\WindowsPowerShell\v1.0\;C:\WINDOWS\System32\OpenSSH\;C:\Program Files (x86)\Nmap;C:\xampp\php;C:\composer;C:\Program Files\Apache\maven\apache-maven-3.9.6\bin;C:\Program Files\Apache\maven\apache-maven-3.9.6\bin;C:\Users\user\AppData\Local\Programs\cursor\resources\app\bin;C:\Users\user\AppData\Local\Programs\Microsoft VS Code\bin;C:\Users\user\AppData\Local\GitHubDesktop\bin;C:\Users\user\AppData\Local\JetBrains\Toolbox\scripts;;C:\Program Files\JetBrains\IntelliJ IDEA 2025.1.2\bin;;C:\Users\user\AppData\Local\Programs\Windsurf\bin;C:\Users\user\go\bin;C:\Users\user\.fly\bin
USERNAME=user
OS=Windows_NT
PROCESSOR_IDENTIFIER=Intel64 Family 6 Model 154 Stepping 4, GenuineIntel
TMP=C:\Users\user\AppData\Local\Temp
TEMP=C:\Users\user\AppData\Local\Temp




Periodic native trim disabled

---------------  S Y S T E M  ---------------

OS:
 Windows 11 , 64 bit Build 26100 (10.0.26100.7019)
OS uptime: 0 days 19:02 hours
Hyper-V role detected

CPU: total 12 (initial active 12) (6 cores per cpu, 2 threads per core) family 6 model 154 stepping 4 microcode 0x42a, cx8, cmov, fxsr, ht, mmx, 3dnowpref, sse, sse2, sse3, ssse3, sse4.1, sse4.2, popcnt, lzcnt, tsc, tscinvbit, avx, avx2, aes, erms, clmul, bmi1, bmi2, adx, sha, fma, vzeroupper, clflush, clflushopt, clwb, hv, serialize, rdtscp, rdpid, fsrm, f16c, cet_ibt, cet_ss
Processor Information for processor 0
  Max Mhz: 1700, Current Mhz: 1700, Mhz Limit: 1700
Processor Information for processor 1
  Max Mhz: 1700, Current Mhz: 1700, Mhz Limit: 1700
Processor Information for processor 2
  Max Mhz: 1700, Current Mhz: 1700, Mhz Limit: 1700
Processor Information for processor 3
  Max Mhz: 1700, Current Mhz: 1700, Mhz Limit: 1700
Processor Information for processor 4
  Max Mhz: 1700, Current Mhz: 1200, Mhz Limit: 1190
Processor Information for processor 5
  Max Mhz: 1700, Current Mhz: 1200, Mhz Limit: 1190
Processor Information for processor 6
  Max Mhz: 1700, Current Mhz: 1200, Mhz Limit: 1190
Processor Information for processor 7
  Max Mhz: 1700, Current Mhz: 1200, Mhz Limit: 1190
Processor Information for processor 8
  Max Mhz: 1700, Current Mhz: 1200, Mhz Limit: 1190
Processor Information for processor 9
  Max Mhz: 1700, Current Mhz: 1200, Mhz Limit: 1190
Processor Information for processor 10
  Max Mhz: 1700, Current Mhz: 1200, Mhz Limit: 1190
Processor Information for processor 11
  Max Mhz: 1700, Current Mhz: 1200, Mhz Limit: 1190

Memory: 4k page, system-wide physical 16092M (1280M free)
TotalPageFile size 28380M (AvailPageFile size 34M)
current process WorkingSet (physical memory assigned to process): 109M, peak: 109M
current process commit charge ("private bytes"): 257M, peak: 257M

vm_info: OpenJDK 64-Bit Server VM (21.0.8+9-LTS) for windows-amd64 JRE (21.0.8+9-LTS), built on 2025-07-15T00:00:00Z by "admin" with MS VC++ 17.7 (VS2022)

END.
